<?xml version="1.0" encoding="UTF-8"?>
<!-- Generated by org.testng.reporters.JUnitXMLReporter -->
<testsuite ignored="0" hostname="LAPTOP-4GCDTFLO" failures="0" tests="3" name="Salesforce" time="0.079" errors="0" timestamp="2021-06-19T16:54:39 IST">
  <testcase classname="salesforce.testcases.CreateAccount" name="createNewAccount" time="0.0">
    <skipped/>
  </testcase> <!-- createNewAccount -->
  <testcase classname="salesforce.testcases.EditAccount" name="editAccount" time="0.0">
    <skipped/>
  </testcase> <!-- editAccount -->
  <testcase classname="salesforce.testcases.DeleteAccount" name="deleteAccount" time="0.0">
    <skipped/>
  </testcase> <!-- deleteAccount -->
</testsuite> <!-- Salesforce -->
