<?xml version="1.0" encoding="UTF-8"?>
<testng-results ignored="0" total="1" passed="1" failed="0" skipped="0">
  <reporter-output>
  </reporter-output>
  <suite started-at="2021-07-31T16:06:29 IST" name="Default suite" finished-at="2021-07-31T16:07:39 IST" duration-ms="70223">
    <groups>
    </groups>
    <test started-at="2021-07-31T16:06:29 IST" name="Default test" finished-at="2021-07-31T16:07:39 IST" duration-ms="70223">
      <class name="salesforce.testcases.CreateGroups">
        <test-method is-config="true" signature="beforeSuite()[pri:0, instance:salesforce.testcases.CreateGroups@48bb62]" started-at="2021-07-31T16:06:28 IST" name="beforeSuite" finished-at="2021-07-31T16:06:29 IST" duration-ms="298" status="PASS">
          <reporter-output>
          </reporter-output>
        </test-method> <!-- beforeSuite -->
        <test-method is-config="true" signature="setTestDetails()[pri:0, instance:salesforce.testcases.CreateGroups@48bb62]" started-at="2021-07-31T16:06:29 IST" name="setTestDetails" finished-at="2021-07-31T16:06:29 IST" duration-ms="1" status="PASS">
          <reporter-output>
          </reporter-output>
        </test-method> <!-- setTestDetails -->
        <test-method is-config="true" signature="beforeClass()[pri:0, instance:salesforce.testcases.CreateGroups@48bb62]" started-at="2021-07-31T16:06:29 IST" name="beforeClass" finished-at="2021-07-31T16:06:29 IST" duration-ms="5" status="PASS">
          <reporter-output>
          </reporter-output>
        </test-method> <!-- beforeClass -->
        <test-method is-config="true" signature="beforeMethod()[pri:0, instance:salesforce.testcases.CreateGroups@48bb62]" started-at="2021-07-31T16:06:29 IST" name="beforeMethod" finished-at="2021-07-31T16:06:33 IST" duration-ms="3819" status="PASS">
          <reporter-output>
          </reporter-output>
        </test-method> <!-- beforeMethod -->
        <test-method signature="createLeadforCampaign()[pri:0, instance:salesforce.testcases.CreateGroups@48bb62]" started-at="2021-07-31T16:06:33 IST" name="createLeadforCampaign" finished-at="2021-07-31T16:07:35 IST" duration-ms="62192" status="PASS">
          <reporter-output>
          </reporter-output>
        </test-method> <!-- createLeadforCampaign -->
        <test-method is-config="true" signature="afterMethod()[pri:0, instance:salesforce.testcases.CreateGroups@48bb62]" started-at="2021-07-31T16:07:35 IST" name="afterMethod" finished-at="2021-07-31T16:07:39 IST" duration-ms="4163" status="PASS">
          <reporter-output>
          </reporter-output>
        </test-method> <!-- afterMethod -->
        <test-method is-config="true" signature="afterSuite()[pri:0, instance:salesforce.testcases.CreateGroups@48bb62]" started-at="2021-07-31T16:07:39 IST" name="afterSuite" finished-at="2021-07-31T16:07:39 IST" duration-ms="312" status="PASS">
          <reporter-output>
          </reporter-output>
        </test-method> <!-- afterSuite -->
      </class> <!-- salesforce.testcases.CreateGroups -->
    </test> <!-- Default test -->
  </suite> <!-- Default suite -->
</testng-results>
