<?xml version="1.0" encoding="UTF-8"?>
<testng-results ignored="0" total="1" passed="0" failed="1" skipped="0">
  <reporter-output>
  </reporter-output>
  <suite started-at="2021-07-24T15:30:23 IST" name="Default suite" finished-at="2021-07-24T15:31:03 IST" duration-ms="40671">
    <groups>
      <group name="Accounts">
        <method signature="CreateAccount.createNewAccount(java.lang.String)[pri:0, instance:salesforce.testcases.CreateAccount@353352b6]" name="createNewAccount" class="salesforce.testcases.CreateAccount"/>
      </group> <!-- Accounts -->
    </groups>
    <test started-at="2021-07-24T15:30:23 IST" name="Default test" finished-at="2021-07-24T15:31:03 IST" duration-ms="40671">
      <class name="salesforce.testcases.CreateAccount">
        <test-method is-config="true" signature="beforeSuite()[pri:0, instance:salesforce.testcases.CreateAccount@353352b6]" started-at="2021-07-24T15:30:22 IST" name="beforeSuite" finished-at="2021-07-24T15:30:23 IST" duration-ms="304" status="PASS">
          <reporter-output>
          </reporter-output>
        </test-method> <!-- beforeSuite -->
        <test-method is-config="true" signature="setTestDetails()[pri:0, instance:salesforce.testcases.CreateAccount@353352b6]" started-at="2021-07-24T15:30:23 IST" name="setTestDetails" finished-at="2021-07-24T15:30:23 IST" duration-ms="1" status="PASS">
          <reporter-output>
          </reporter-output>
        </test-method> <!-- setTestDetails -->
        <test-method is-config="true" signature="beforeClass()[pri:0, instance:salesforce.testcases.CreateAccount@353352b6]" started-at="2021-07-24T15:30:23 IST" name="beforeClass" finished-at="2021-07-24T15:30:23 IST" duration-ms="5" status="PASS">
          <reporter-output>
          </reporter-output>
        </test-method> <!-- beforeClass -->
        <test-method is-config="true" signature="beforeMethod()[pri:0, instance:salesforce.testcases.CreateAccount@353352b6]" started-at="2021-07-24T15:30:23 IST" name="beforeMethod" finished-at="2021-07-24T15:30:27 IST" duration-ms="3641" status="PASS">
          <reporter-output>
          </reporter-output>
        </test-method> <!-- beforeMethod -->
        <test-method signature="createNewAccount(java.lang.String)[pri:0, instance:salesforce.testcases.CreateAccount@353352b6]" started-at="2021-07-24T15:30:27 IST" name="createNewAccount" data-provider="fetchData" finished-at="2021-07-24T15:30:59 IST" duration-ms="32155" status="FAIL">
          <params>
            <param index="0">
              <value>
                <![CDATA[JenkinsRun]]>
              </value>
            </param>
          </params>
          <exception class="java.lang.RuntimeException">
            <full-stacktrace>
              <![CDATA[java.lang.RuntimeException
at salesforce.utils.Reporter.reportStep(Reporter.java:102)
at salesforce.utils.Reporter.reportStep(Reporter.java:112)
at salesforce.pages.AccountsPage.selectOwnership(AccountsPage.java:122)
at salesforce.testcases.CreateAccount.createNewAccount(CreateAccount.java:37)
at java.base/jdk.internal.reflect.NativeMethodAccessorImpl.invoke0(Native Method)
at java.base/jdk.internal.reflect.NativeMethodAccessorImpl.invoke(NativeMethodAccessorImpl.java:78)
at java.base/jdk.internal.reflect.DelegatingMethodAccessorImpl.invoke(DelegatingMethodAccessorImpl.java:43)
at java.base/java.lang.reflect.Method.invoke(Method.java:567)
at org.testng.internal.MethodInvocationHelper.invokeMethod(MethodInvocationHelper.java:132)
at org.testng.internal.TestInvoker.invokeMethod(TestInvoker.java:599)
at org.testng.internal.TestInvoker.invokeTestMethod(TestInvoker.java:174)
at org.testng.internal.MethodRunner.runInSequence(MethodRunner.java:46)
at org.testng.internal.TestInvoker$MethodInvocationAgent.invoke(TestInvoker.java:822)
at org.testng.internal.TestInvoker.invokeTestMethods(TestInvoker.java:147)
at org.testng.internal.TestMethodWorker.invokeTestMethods(TestMethodWorker.java:146)
at org.testng.internal.TestMethodWorker.run(TestMethodWorker.java:128)
at java.base/java.util.ArrayList.forEach(ArrayList.java:1511)
at org.testng.TestRunner.privateRun(TestRunner.java:764)
at org.testng.TestRunner.run(TestRunner.java:585)
at org.testng.SuiteRunner.runTest(SuiteRunner.java:384)
at org.testng.SuiteRunner.runSequentially(SuiteRunner.java:378)
at org.testng.SuiteRunner.privateRun(SuiteRunner.java:337)
at org.testng.SuiteRunner.run(SuiteRunner.java:286)
at org.testng.SuiteRunnerWorker.runSuite(SuiteRunnerWorker.java:53)
at org.testng.SuiteRunnerWorker.run(SuiteRunnerWorker.java:96)
at org.testng.TestNG.runSuitesSequentially(TestNG.java:1218)
at org.testng.TestNG.runSuitesLocally(TestNG.java:1140)
at org.testng.TestNG.runSuites(TestNG.java:1069)
at org.testng.TestNG.run(TestNG.java:1037)
at org.testng.remote.AbstractRemoteTestNG.run(AbstractRemoteTestNG.java:115)
at org.testng.remote.RemoteTestNG.initAndRun(RemoteTestNG.java:251)
at org.testng.remote.RemoteTestNG.main(RemoteTestNG.java:77)
]]>
            </full-stacktrace>
          </exception> <!-- java.lang.RuntimeException -->
          <reporter-output>
          </reporter-output>
        </test-method> <!-- createNewAccount -->
        <test-method is-config="true" signature="afterMethod()[pri:0, instance:salesforce.testcases.CreateAccount@353352b6]" started-at="2021-07-24T15:30:59 IST" name="afterMethod" finished-at="2021-07-24T15:31:03 IST" duration-ms="4198" status="PASS">
          <reporter-output>
          </reporter-output>
        </test-method> <!-- afterMethod -->
        <test-method is-config="true" signature="afterSuite()[pri:0, instance:salesforce.testcases.CreateAccount@353352b6]" started-at="2021-07-24T15:31:03 IST" name="afterSuite" finished-at="2021-07-24T15:31:04 IST" duration-ms="268" status="PASS">
          <reporter-output>
          </reporter-output>
        </test-method> <!-- afterSuite -->
      </class> <!-- salesforce.testcases.CreateAccount -->
    </test> <!-- Default test -->
  </suite> <!-- Default suite -->
</testng-results>
